..\src\CPU.cpp
..\src\editor.cpp
..\src\guihelp.cpp
..\src\lock.cpp
..\src\main.cpp
..\src\midiprog.cpp
..\src\Timidity.cpp
..\src\Timidity_proc.cpp
..\src\queue.cpp
..\src\reaper.cpp
..\timidity\common.c
..\timidity\filter.c
..\timidity\instrum.c
..\timidity\mix.c
..\timidity\playmidi.c
..\timidity\readcfg.c
..\timidity\resample.c
..\timidity\tables.c
..\VST2_SDK\public.sdk\source\vst2.x\audioeffect.cpp
..\VST2_SDK\public.sdk\source\vst2.x\audioeffectx.cpp
..\VST2_SDK\public.sdk\source\vst2.x\vstplugmain.cpp